
Circuit 1 cell sky130_fd_pr__nfet_01v8 and Circuit 2 cell sky130_fd_pr__nfet_01v8 are black boxes.
Equate elements:  no current cell.
Device classes sky130_fd_pr__nfet_01v8 and sky130_fd_pr__nfet_01v8 are equivalent.

Circuit 1 cell sky130_fd_pr__res_xhigh_po and Circuit 2 cell sky130_fd_pr__res_xhigh_po are black boxes.
Equate elements:  no current cell.
Device classes sky130_fd_pr__res_xhigh_po and sky130_fd_pr__res_xhigh_po are equivalent.

Circuit 1 cell sky130_fd_pr__cap_mim_m3_1 and Circuit 2 cell sky130_fd_pr__cap_mim_m3_1 are black boxes.
Equate elements:  no current cell.
Device classes sky130_fd_pr__cap_mim_m3_1 and sky130_fd_pr__cap_mim_m3_1 are equivalent.

Circuit 1 cell sky130_fd_pr__cap_mim_m3_2 and Circuit 2 cell sky130_fd_pr__cap_mim_m3_2 are black boxes.
Equate elements:  no current cell.
Device classes sky130_fd_pr__cap_mim_m3_2 and sky130_fd_pr__cap_mim_m3_2 are equivalent.

Subcircuit summary:
Circuit 1: gated_iref_fix.sch.spice        |Circuit 2: gated_iref_fix.pex.spice        
-------------------------------------------|-------------------------------------------
sky130_fd_pr__nfet_01v8 (4)                |sky130_fd_pr__nfet_01v8 (4)                
sky130_fd_pr__res_xhigh_po (1)             |sky130_fd_pr__res_xhigh_po (1)             
sky130_fd_pr__cap_mim_m3_1 (1)             |sky130_fd_pr__cap_mim_m3_1 (1)             
sky130_fd_pr__cap_mim_m3_2 (1)             |sky130_fd_pr__cap_mim_m3_2 (1)             
Number of devices: 7                       |Number of devices: 7                       
Number of nets: 6                          |Number of nets: 6                          
---------------------------------------------------------------------------------------
NET mismatches: Class fragments follow (with fanout counts):
Circuit 1: gated_iref_fix.sch.spice        |Circuit 2: gated_iref_fix.pex.spice        

---------------------------------------------------------------------------------------
Net: IN                                    |Net: IN                                    
  sky130_fd_pr__res_xhigh_po/2 = 1         |  sky130_fd_pr__res_xhigh_po/1 = 1         
---------------------------------------------------------------------------------------

---------------------------------------------------------------------------------------
Net: VSUB                                  |Net: VSUB                                  
  sky130_fd_pr__nfet_01v8/4 = 4            |  sky130_fd_pr__nfet_01v8/4 = 4            
  sky130_fd_pr__nfet_01v8/3 = 1            |  sky130_fd_pr__nfet_01v8/3 = 1            
  sky130_fd_pr__nfet_01v8/1 = 1            |  sky130_fd_pr__nfet_01v8/1 = 1            
  sky130_fd_pr__res_xhigh_po/3 = 1         |  sky130_fd_pr__res_xhigh_po/3 = 1         
  sky130_fd_pr__cap_mim_m3_1/2 = 1         |  sky130_fd_pr__cap_mim_m3_1/1 = 1         
  sky130_fd_pr__cap_mim_m3_2/2 = 1         |  sky130_fd_pr__cap_mim_m3_2/2 = 1         
---------------------------------------------------------------------------------------

---------------------------------------------------------------------------------------
Net: net1                                  |Net: a_1444_106#                           
  sky130_fd_pr__nfet_01v8/3 = 1            |  sky130_fd_pr__nfet_01v8/3 = 1            
  sky130_fd_pr__nfet_01v8/1 = 1            |  sky130_fd_pr__nfet_01v8/1 = 1            
  sky130_fd_pr__res_xhigh_po/1 = 1         |  sky130_fd_pr__res_xhigh_po/2 = 1         
---------------------------------------------------------------------------------------

---------------------------------------------------------------------------------------
Net: OUT                                   |Net: a_1712_150#                           
  sky130_fd_pr__nfet_01v8/1 = 2            |  sky130_fd_pr__nfet_01v8/1 = 2            
  sky130_fd_pr__nfet_01v8/3 = 2            |  sky130_fd_pr__nfet_01v8/3 = 2            
  sky130_fd_pr__cap_mim_m3_1/1 = 1         |  sky130_fd_pr__cap_mim_m3_1/2 = 1         
  sky130_fd_pr__cap_mim_m3_2/1 = 1         |  sky130_fd_pr__cap_mim_m3_2/1 = 1         
---------------------------------------------------------------------------------------
DEVICE mismatches: Class fragments follow (with node fanout counts):
Circuit 1: gated_iref_fix.sch.spice        |Circuit 2: gated_iref_fix.pex.spice        

---------------------------------------------------------------------------------------
Instance: sky130_fd_pr__cap_mim_m3_1:C1    |Instance: sky130_fd_pr__cap_mim_m3_1:2     
  1 = 6                                    |  1 = 9                                    
  2 = 9                                    |  2 = 6                                    
---------------------------------------------------------------------------------------

---------------------------------------------------------------------------------------
Instance: sky130_fd_pr__res_xhigh_po:R1    |Instance: sky130_fd_pr__res_xhigh_po:0     
  1 = 3                                    |  1 = 1                                    
  2 = 1                                    |  2 = 3                                    
  3 = 9                                    |  3 = 9                                    
---------------------------------------------------------------------------------------
Netlists do not match.
Cells have no pins;  pin matching not needed.
Device classes gated_iref_fix.sch.spice and gated_iref_fix.pex.spice are equivalent.

Final result: Netlists do not match.
